DSpot encountered 14 error(s) during amplification.
Something bad happened when DSpot tried to execute the tests before starting the amplification.
java.lang.RuntimeException: Forked process did not finished correctly
	at eu.stamp_project.testrunner.EntryPoint.runGivenCommandLine(EntryPoint.java:495)
	at eu.stamp_project.testrunner.EntryPoint.runTests(EntryPoint.java:235)
	at eu.stamp_project.testrunner.EntryPoint.runTests(EntryPoint.java:230)
	at eu.stamp_project.testrunner.EntryPoint.runTests(EntryPoint.java:195)
	at eu.stamp_project.dspot.common.execution.TestRunner.run(TestRunner.java:108)
	at eu.stamp_project.dspot.common.execution.TestRunner.runGivenTestMethods(TestRunner.java:79)
	at eu.stamp_project.dspot.common.compilation.TestCompiler.compileAndRun(TestCompiler.java:159)
	at eu.stamp_project.dspot.common.compilation.TestCompiler.compileRunAndDiscardUncompilableAndFailingTestMethods(TestCompiler.java:88)
	at eu.stamp_project.dspot.common.configuration.AmplificationSetup.firstSelectorSetup(AmplificationSetup.java:129)
	at eu.stamp_project.dspot.DSpot.onlyAssertionGeneration(DSpot.java:93)
	at eu.stamp_project.dspot.DSpot.amplification(DSpot.java:69)
	at eu.stamp_project.dspot.DSpot.run(DSpot.java:57)
	at fr.davidson.dspot.energy.mojo.DSpotEnergyMojo.execute(DSpotEnergyMojo.java:70)
	at org.apache.maven.plugin.DefaultBuildPluginManager.executeMojo(DefaultBuildPluginManager.java:137)
	at org.apache.maven.lifecycle.internal.MojoExecutor.execute(MojoExecutor.java:210)
	at org.apache.maven.lifecycle.internal.MojoExecutor.execute(MojoExecutor.java:156)
	at org.apache.maven.lifecycle.internal.MojoExecutor.execute(MojoExecutor.java:148)
	at org.apache.maven.lifecycle.internal.LifecycleModuleBuilder.buildProject(LifecycleModuleBuilder.java:117)
	at org.apache.maven.lifecycle.internal.LifecycleModuleBuilder.buildProject(LifecycleModuleBuilder.java:81)
	at org.apache.maven.lifecycle.internal.builder.singlethreaded.SingleThreadedBuilder.build(SingleThreadedBuilder.java:56)
	at org.apache.maven.lifecycle.internal.LifecycleStarter.execute(LifecycleStarter.java:128)
	at org.apache.maven.DefaultMaven.doExecute(DefaultMaven.java:305)
	at org.apache.maven.DefaultMaven.doExecute(DefaultMaven.java:192)
	at org.apache.maven.DefaultMaven.execute(DefaultMaven.java:105)
	at org.apache.maven.cli.MavenCli.execute(MavenCli.java:956)
	at org.apache.maven.cli.MavenCli.doMain(MavenCli.java:288)
	at org.apache.maven.cli.MavenCli.main(MavenCli.java:192)
	at java.base/jdk.internal.reflect.NativeMethodAccessorImpl.invoke0(Native Method)
	at java.base/jdk.internal.reflect.NativeMethodAccessorImpl.invoke(NativeMethodAccessorImpl.java:62)
	at java.base/jdk.internal.reflect.DelegatingMethodAccessorImpl.invoke(DelegatingMethodAccessorImpl.java:43)
	at java.base/java.lang.reflect.Method.invoke(Method.java:566)
	at org.codehaus.plexus.classworlds.launcher.Launcher.launchEnhanced(Launcher.java:289)
	at org.codehaus.plexus.classworlds.launcher.Launcher.launch(Launcher.java:229)
	at org.codehaus.plexus.classworlds.launcher.Launcher.mainWithExitCode(Launcher.java:415)
	at org.codehaus.plexus.classworlds.launcher.Launcher.main(Launcher.java:356)

Something bad happened during assertion amplification
java.lang.RuntimeException: Forked process did not finished correctly
	at eu.stamp_project.testrunner.EntryPoint.runGivenCommandLine(EntryPoint.java:495)
	at eu.stamp_project.testrunner.EntryPoint.runTests(EntryPoint.java:235)
	at eu.stamp_project.testrunner.EntryPoint.runTests(EntryPoint.java:230)
	at eu.stamp_project.testrunner.EntryPoint.runTests(EntryPoint.java:195)
	at eu.stamp_project.dspot.common.execution.TestRunner.run(TestRunner.java:108)
	at eu.stamp_project.dspot.common.execution.TestRunner.runGivenTestMethods(TestRunner.java:79)
	at eu.stamp_project.dspot.common.compilation.TestCompiler.compileAndRun(TestCompiler.java:159)
	at eu.stamp_project.dspot.assertiongenerator.AssertionGenerator.assertPassingAndFailingTests(AssertionGenerator.java:123)
	at eu.stamp_project.dspot.assertiongenerator.AssertionGenerator.assertionAmplification(AssertionGenerator.java:78)
	at eu.stamp_project.dspot.DSpot.assertionAmplification(DSpot.java:186)
	at eu.stamp_project.dspot.DSpot.fullAmplification(DSpot.java:169)
	at eu.stamp_project.dspot.DSpot.fullyAmplifyAllMethods(DSpot.java:126)
	at eu.stamp_project.dspot.DSpot.amplification(DSpot.java:73)
	at eu.stamp_project.dspot.DSpot.run(DSpot.java:57)
	at fr.davidson.dspot.energy.mojo.DSpotEnergyMojo.execute(DSpotEnergyMojo.java:70)
	at org.apache.maven.plugin.DefaultBuildPluginManager.executeMojo(DefaultBuildPluginManager.java:137)
	at org.apache.maven.lifecycle.internal.MojoExecutor.execute(MojoExecutor.java:210)
	at org.apache.maven.lifecycle.internal.MojoExecutor.execute(MojoExecutor.java:156)
	at org.apache.maven.lifecycle.internal.MojoExecutor.execute(MojoExecutor.java:148)
	at org.apache.maven.lifecycle.internal.LifecycleModuleBuilder.buildProject(LifecycleModuleBuilder.java:117)
	at org.apache.maven.lifecycle.internal.LifecycleModuleBuilder.buildProject(LifecycleModuleBuilder.java:81)
	at org.apache.maven.lifecycle.internal.builder.singlethreaded.SingleThreadedBuilder.build(SingleThreadedBuilder.java:56)
	at org.apache.maven.lifecycle.internal.LifecycleStarter.execute(LifecycleStarter.java:128)
	at org.apache.maven.DefaultMaven.doExecute(DefaultMaven.java:305)
	at org.apache.maven.DefaultMaven.doExecute(DefaultMaven.java:192)
	at org.apache.maven.DefaultMaven.execute(DefaultMaven.java:105)
	at org.apache.maven.cli.MavenCli.execute(MavenCli.java:956)
	at org.apache.maven.cli.MavenCli.doMain(MavenCli.java:288)
	at org.apache.maven.cli.MavenCli.main(MavenCli.java:192)
	at java.base/jdk.internal.reflect.NativeMethodAccessorImpl.invoke0(Native Method)
	at java.base/jdk.internal.reflect.NativeMethodAccessorImpl.invoke(NativeMethodAccessorImpl.java:62)
	at java.base/jdk.internal.reflect.DelegatingMethodAccessorImpl.invoke(DelegatingMethodAccessorImpl.java:43)
	at java.base/java.lang.reflect.Method.invoke(Method.java:566)
	at org.codehaus.plexus.classworlds.launcher.Launcher.launchEnhanced(Launcher.java:289)
	at org.codehaus.plexus.classworlds.launcher.Launcher.launch(Launcher.java:229)
	at org.codehaus.plexus.classworlds.launcher.Launcher.mainWithExitCode(Launcher.java:415)
	at org.codehaus.plexus.classworlds.launcher.Launcher.main(Launcher.java:356)

Something bad happened during selection to keep amplified tests (post-amplification).
java.lang.IndexOutOfBoundsException: Index: 0
	at java.base/java.util.Collections$EmptyList.get(Collections.java:4483)
	at fr.davidson.dspot.energy.selector.LessConsumingEnergySelector.runMultipleTimeTestsForEnergy(LessConsumingEnergySelector.java:105)
	at fr.davidson.dspot.energy.selector.LessConsumingEnergySelector.selectToKeep(LessConsumingEnergySelector.java:169)
	at eu.stamp_project.dspot.DSpot.selectFullAmplification(DSpot.java:227)
	at eu.stamp_project.dspot.DSpot.fullAmplification(DSpot.java:173)
	at eu.stamp_project.dspot.DSpot.fullyAmplifyAllMethods(DSpot.java:126)
	at eu.stamp_project.dspot.DSpot.amplification(DSpot.java:73)
	at eu.stamp_project.dspot.DSpot.run(DSpot.java:57)
	at fr.davidson.dspot.energy.mojo.DSpotEnergyMojo.execute(DSpotEnergyMojo.java:70)
	at org.apache.maven.plugin.DefaultBuildPluginManager.executeMojo(DefaultBuildPluginManager.java:137)
	at org.apache.maven.lifecycle.internal.MojoExecutor.execute(MojoExecutor.java:210)
	at org.apache.maven.lifecycle.internal.MojoExecutor.execute(MojoExecutor.java:156)
	at org.apache.maven.lifecycle.internal.MojoExecutor.execute(MojoExecutor.java:148)
	at org.apache.maven.lifecycle.internal.LifecycleModuleBuilder.buildProject(LifecycleModuleBuilder.java:117)
	at org.apache.maven.lifecycle.internal.LifecycleModuleBuilder.buildProject(LifecycleModuleBuilder.java:81)
	at org.apache.maven.lifecycle.internal.builder.singlethreaded.SingleThreadedBuilder.build(SingleThreadedBuilder.java:56)
	at org.apache.maven.lifecycle.internal.LifecycleStarter.execute(LifecycleStarter.java:128)
	at org.apache.maven.DefaultMaven.doExecute(DefaultMaven.java:305)
	at org.apache.maven.DefaultMaven.doExecute(DefaultMaven.java:192)
	at org.apache.maven.DefaultMaven.execute(DefaultMaven.java:105)
	at org.apache.maven.cli.MavenCli.execute(MavenCli.java:956)
	at org.apache.maven.cli.MavenCli.doMain(MavenCli.java:288)
	at org.apache.maven.cli.MavenCli.main(MavenCli.java:192)
	at java.base/jdk.internal.reflect.NativeMethodAccessorImpl.invoke0(Native Method)
	at java.base/jdk.internal.reflect.NativeMethodAccessorImpl.invoke(NativeMethodAccessorImpl.java:62)
	at java.base/jdk.internal.reflect.DelegatingMethodAccessorImpl.invoke(DelegatingMethodAccessorImpl.java:43)
	at java.base/java.lang.reflect.Method.invoke(Method.java:566)
	at org.codehaus.plexus.classworlds.launcher.Launcher.launchEnhanced(Launcher.java:289)
	at org.codehaus.plexus.classworlds.launcher.Launcher.launch(Launcher.java:229)
	at org.codehaus.plexus.classworlds.launcher.Launcher.mainWithExitCode(Launcher.java:415)
	at org.codehaus.plexus.classworlds.launcher.Launcher.main(Launcher.java:356)

Something bad happened during selection to keep amplified tests (post-amplification).
java.lang.NullPointerException
	at fr.davidson.dspot.energy.selector.LessConsumingEnergySelector.lambda$selectToKeep$2(LessConsumingEnergySelector.java:174)
	at java.base/java.util.ArrayList.forEach(ArrayList.java:1541)
	at fr.davidson.dspot.energy.selector.LessConsumingEnergySelector.selectToKeep(LessConsumingEnergySelector.java:170)
	at eu.stamp_project.dspot.DSpot.selectFullAmplification(DSpot.java:227)
	at eu.stamp_project.dspot.DSpot.fullAmplification(DSpot.java:173)
	at eu.stamp_project.dspot.DSpot.fullyAmplifyAllMethods(DSpot.java:126)
	at eu.stamp_project.dspot.DSpot.amplification(DSpot.java:73)
	at eu.stamp_project.dspot.DSpot.run(DSpot.java:57)
	at fr.davidson.dspot.energy.mojo.DSpotEnergyMojo.execute(DSpotEnergyMojo.java:70)
	at org.apache.maven.plugin.DefaultBuildPluginManager.executeMojo(DefaultBuildPluginManager.java:137)
	at org.apache.maven.lifecycle.internal.MojoExecutor.execute(MojoExecutor.java:210)
	at org.apache.maven.lifecycle.internal.MojoExecutor.execute(MojoExecutor.java:156)
	at org.apache.maven.lifecycle.internal.MojoExecutor.execute(MojoExecutor.java:148)
	at org.apache.maven.lifecycle.internal.LifecycleModuleBuilder.buildProject(LifecycleModuleBuilder.java:117)
	at org.apache.maven.lifecycle.internal.LifecycleModuleBuilder.buildProject(LifecycleModuleBuilder.java:81)
	at org.apache.maven.lifecycle.internal.builder.singlethreaded.SingleThreadedBuilder.build(SingleThreadedBuilder.java:56)
	at org.apache.maven.lifecycle.internal.LifecycleStarter.execute(LifecycleStarter.java:128)
	at org.apache.maven.DefaultMaven.doExecute(DefaultMaven.java:305)
	at org.apache.maven.DefaultMaven.doExecute(DefaultMaven.java:192)
	at org.apache.maven.DefaultMaven.execute(DefaultMaven.java:105)
	at org.apache.maven.cli.MavenCli.execute(MavenCli.java:956)
	at org.apache.maven.cli.MavenCli.doMain(MavenCli.java:288)
	at org.apache.maven.cli.MavenCli.main(MavenCli.java:192)
	at java.base/jdk.internal.reflect.NativeMethodAccessorImpl.invoke0(Native Method)
	at java.base/jdk.internal.reflect.NativeMethodAccessorImpl.invoke(NativeMethodAccessorImpl.java:62)
	at java.base/jdk.internal.reflect.DelegatingMethodAccessorImpl.invoke(DelegatingMethodAccessorImpl.java:43)
	at java.base/java.lang.reflect.Method.invoke(Method.java:566)
	at org.codehaus.plexus.classworlds.launcher.Launcher.launchEnhanced(Launcher.java:289)
	at org.codehaus.plexus.classworlds.launcher.Launcher.launch(Launcher.java:229)
	at org.codehaus.plexus.classworlds.launcher.Launcher.mainWithExitCode(Launcher.java:415)
	at org.codehaus.plexus.classworlds.launcher.Launcher.main(Launcher.java:356)

Something bad happened during selection to keep amplified tests (post-amplification).
java.lang.NullPointerException
	at fr.davidson.dspot.energy.selector.LessConsumingEnergySelector.lambda$selectToKeep$2(LessConsumingEnergySelector.java:174)
	at java.base/java.util.ArrayList.forEach(ArrayList.java:1541)
	at fr.davidson.dspot.energy.selector.LessConsumingEnergySelector.selectToKeep(LessConsumingEnergySelector.java:170)
	at eu.stamp_project.dspot.DSpot.selectFullAmplification(DSpot.java:227)
	at eu.stamp_project.dspot.DSpot.fullAmplification(DSpot.java:173)
	at eu.stamp_project.dspot.DSpot.fullyAmplifyAllMethods(DSpot.java:126)
	at eu.stamp_project.dspot.DSpot.amplification(DSpot.java:73)
	at eu.stamp_project.dspot.DSpot.run(DSpot.java:57)
	at fr.davidson.dspot.energy.mojo.DSpotEnergyMojo.execute(DSpotEnergyMojo.java:70)
	at org.apache.maven.plugin.DefaultBuildPluginManager.executeMojo(DefaultBuildPluginManager.java:137)
	at org.apache.maven.lifecycle.internal.MojoExecutor.execute(MojoExecutor.java:210)
	at org.apache.maven.lifecycle.internal.MojoExecutor.execute(MojoExecutor.java:156)
	at org.apache.maven.lifecycle.internal.MojoExecutor.execute(MojoExecutor.java:148)
	at org.apache.maven.lifecycle.internal.LifecycleModuleBuilder.buildProject(LifecycleModuleBuilder.java:117)
	at org.apache.maven.lifecycle.internal.LifecycleModuleBuilder.buildProject(LifecycleModuleBuilder.java:81)
	at org.apache.maven.lifecycle.internal.builder.singlethreaded.SingleThreadedBuilder.build(SingleThreadedBuilder.java:56)
	at org.apache.maven.lifecycle.internal.LifecycleStarter.execute(LifecycleStarter.java:128)
	at org.apache.maven.DefaultMaven.doExecute(DefaultMaven.java:305)
	at org.apache.maven.DefaultMaven.doExecute(DefaultMaven.java:192)
	at org.apache.maven.DefaultMaven.execute(DefaultMaven.java:105)
	at org.apache.maven.cli.MavenCli.execute(MavenCli.java:956)
	at org.apache.maven.cli.MavenCli.doMain(MavenCli.java:288)
	at org.apache.maven.cli.MavenCli.main(MavenCli.java:192)
	at java.base/jdk.internal.reflect.NativeMethodAccessorImpl.invoke0(Native Method)
	at java.base/jdk.internal.reflect.NativeMethodAccessorImpl.invoke(NativeMethodAccessorImpl.java:62)
	at java.base/jdk.internal.reflect.DelegatingMethodAccessorImpl.invoke(DelegatingMethodAccessorImpl.java:43)
	at java.base/java.lang.reflect.Method.invoke(Method.java:566)
	at org.codehaus.plexus.classworlds.launcher.Launcher.launchEnhanced(Launcher.java:289)
	at org.codehaus.plexus.classworlds.launcher.Launcher.launch(Launcher.java:229)
	at org.codehaus.plexus.classworlds.launcher.Launcher.mainWithExitCode(Launcher.java:415)
	at org.codehaus.plexus.classworlds.launcher.Launcher.main(Launcher.java:356)

Something bad happened during assertion amplification
java.lang.RuntimeException: Forked process did not finished correctly
	at eu.stamp_project.testrunner.EntryPoint.runGivenCommandLine(EntryPoint.java:495)
	at eu.stamp_project.testrunner.EntryPoint.runTests(EntryPoint.java:235)
	at eu.stamp_project.testrunner.EntryPoint.runTests(EntryPoint.java:230)
	at eu.stamp_project.testrunner.EntryPoint.runTests(EntryPoint.java:195)
	at eu.stamp_project.dspot.common.execution.TestRunner.run(TestRunner.java:108)
	at eu.stamp_project.dspot.common.execution.TestRunner.runGivenTestMethods(TestRunner.java:79)
	at eu.stamp_project.dspot.common.compilation.TestCompiler.compileAndRun(TestCompiler.java:159)
	at eu.stamp_project.dspot.assertiongenerator.AssertionGenerator.assertPassingAndFailingTests(AssertionGenerator.java:123)
	at eu.stamp_project.dspot.assertiongenerator.AssertionGenerator.assertionAmplification(AssertionGenerator.java:78)
	at eu.stamp_project.dspot.DSpot.assertionAmplification(DSpot.java:186)
	at eu.stamp_project.dspot.DSpot.fullAmplification(DSpot.java:169)
	at eu.stamp_project.dspot.DSpot.fullyAmplifyAllMethods(DSpot.java:126)
	at eu.stamp_project.dspot.DSpot.amplification(DSpot.java:73)
	at eu.stamp_project.dspot.DSpot.run(DSpot.java:57)
	at fr.davidson.dspot.energy.mojo.DSpotEnergyMojo.execute(DSpotEnergyMojo.java:70)
	at org.apache.maven.plugin.DefaultBuildPluginManager.executeMojo(DefaultBuildPluginManager.java:137)
	at org.apache.maven.lifecycle.internal.MojoExecutor.execute(MojoExecutor.java:210)
	at org.apache.maven.lifecycle.internal.MojoExecutor.execute(MojoExecutor.java:156)
	at org.apache.maven.lifecycle.internal.MojoExecutor.execute(MojoExecutor.java:148)
	at org.apache.maven.lifecycle.internal.LifecycleModuleBuilder.buildProject(LifecycleModuleBuilder.java:117)
	at org.apache.maven.lifecycle.internal.LifecycleModuleBuilder.buildProject(LifecycleModuleBuilder.java:81)
	at org.apache.maven.lifecycle.internal.builder.singlethreaded.SingleThreadedBuilder.build(SingleThreadedBuilder.java:56)
	at org.apache.maven.lifecycle.internal.LifecycleStarter.execute(LifecycleStarter.java:128)
	at org.apache.maven.DefaultMaven.doExecute(DefaultMaven.java:305)
	at org.apache.maven.DefaultMaven.doExecute(DefaultMaven.java:192)
	at org.apache.maven.DefaultMaven.execute(DefaultMaven.java:105)
	at org.apache.maven.cli.MavenCli.execute(MavenCli.java:956)
	at org.apache.maven.cli.MavenCli.doMain(MavenCli.java:288)
	at org.apache.maven.cli.MavenCli.main(MavenCli.java:192)
	at java.base/jdk.internal.reflect.NativeMethodAccessorImpl.invoke0(Native Method)
	at java.base/jdk.internal.reflect.NativeMethodAccessorImpl.invoke(NativeMethodAccessorImpl.java:62)
	at java.base/jdk.internal.reflect.DelegatingMethodAccessorImpl.invoke(DelegatingMethodAccessorImpl.java:43)
	at java.base/java.lang.reflect.Method.invoke(Method.java:566)
	at org.codehaus.plexus.classworlds.launcher.Launcher.launchEnhanced(Launcher.java:289)
	at org.codehaus.plexus.classworlds.launcher.Launcher.launch(Launcher.java:229)
	at org.codehaus.plexus.classworlds.launcher.Launcher.mainWithExitCode(Launcher.java:415)
	at org.codehaus.plexus.classworlds.launcher.Launcher.main(Launcher.java:356)

Something bad happened during selection to keep amplified tests (post-amplification).
java.lang.IndexOutOfBoundsException: Index: 0
	at java.base/java.util.Collections$EmptyList.get(Collections.java:4483)
	at fr.davidson.dspot.energy.selector.LessConsumingEnergySelector.runMultipleTimeTestsForEnergy(LessConsumingEnergySelector.java:105)
	at fr.davidson.dspot.energy.selector.LessConsumingEnergySelector.selectToKeep(LessConsumingEnergySelector.java:169)
	at eu.stamp_project.dspot.DSpot.selectFullAmplification(DSpot.java:227)
	at eu.stamp_project.dspot.DSpot.fullAmplification(DSpot.java:173)
	at eu.stamp_project.dspot.DSpot.fullyAmplifyAllMethods(DSpot.java:126)
	at eu.stamp_project.dspot.DSpot.amplification(DSpot.java:73)
	at eu.stamp_project.dspot.DSpot.run(DSpot.java:57)
	at fr.davidson.dspot.energy.mojo.DSpotEnergyMojo.execute(DSpotEnergyMojo.java:70)
	at org.apache.maven.plugin.DefaultBuildPluginManager.executeMojo(DefaultBuildPluginManager.java:137)
	at org.apache.maven.lifecycle.internal.MojoExecutor.execute(MojoExecutor.java:210)
	at org.apache.maven.lifecycle.internal.MojoExecutor.execute(MojoExecutor.java:156)
	at org.apache.maven.lifecycle.internal.MojoExecutor.execute(MojoExecutor.java:148)
	at org.apache.maven.lifecycle.internal.LifecycleModuleBuilder.buildProject(LifecycleModuleBuilder.java:117)
	at org.apache.maven.lifecycle.internal.LifecycleModuleBuilder.buildProject(LifecycleModuleBuilder.java:81)
	at org.apache.maven.lifecycle.internal.builder.singlethreaded.SingleThreadedBuilder.build(SingleThreadedBuilder.java:56)
	at org.apache.maven.lifecycle.internal.LifecycleStarter.execute(LifecycleStarter.java:128)
	at org.apache.maven.DefaultMaven.doExecute(DefaultMaven.java:305)
	at org.apache.maven.DefaultMaven.doExecute(DefaultMaven.java:192)
	at org.apache.maven.DefaultMaven.execute(DefaultMaven.java:105)
	at org.apache.maven.cli.MavenCli.execute(MavenCli.java:956)
	at org.apache.maven.cli.MavenCli.doMain(MavenCli.java:288)
	at org.apache.maven.cli.MavenCli.main(MavenCli.java:192)
	at java.base/jdk.internal.reflect.NativeMethodAccessorImpl.invoke0(Native Method)
	at java.base/jdk.internal.reflect.NativeMethodAccessorImpl.invoke(NativeMethodAccessorImpl.java:62)
	at java.base/jdk.internal.reflect.DelegatingMethodAccessorImpl.invoke(DelegatingMethodAccessorImpl.java:43)
	at java.base/java.lang.reflect.Method.invoke(Method.java:566)
	at org.codehaus.plexus.classworlds.launcher.Launcher.launchEnhanced(Launcher.java:289)
	at org.codehaus.plexus.classworlds.launcher.Launcher.launch(Launcher.java:229)
	at org.codehaus.plexus.classworlds.launcher.Launcher.mainWithExitCode(Launcher.java:415)
	at org.codehaus.plexus.classworlds.launcher.Launcher.main(Launcher.java:356)

Something bad happened during selection to keep amplified tests (post-amplification).
java.lang.NullPointerException
	at fr.davidson.dspot.energy.selector.LessConsumingEnergySelector.lambda$selectToKeep$2(LessConsumingEnergySelector.java:174)
	at java.base/java.util.ArrayList.forEach(ArrayList.java:1541)
	at fr.davidson.dspot.energy.selector.LessConsumingEnergySelector.selectToKeep(LessConsumingEnergySelector.java:170)
	at eu.stamp_project.dspot.DSpot.selectFullAmplification(DSpot.java:227)
	at eu.stamp_project.dspot.DSpot.fullAmplification(DSpot.java:173)
	at eu.stamp_project.dspot.DSpot.fullyAmplifyAllMethods(DSpot.java:126)
	at eu.stamp_project.dspot.DSpot.amplification(DSpot.java:73)
	at eu.stamp_project.dspot.DSpot.run(DSpot.java:57)
	at fr.davidson.dspot.energy.mojo.DSpotEnergyMojo.execute(DSpotEnergyMojo.java:70)
	at org.apache.maven.plugin.DefaultBuildPluginManager.executeMojo(DefaultBuildPluginManager.java:137)
	at org.apache.maven.lifecycle.internal.MojoExecutor.execute(MojoExecutor.java:210)
	at org.apache.maven.lifecycle.internal.MojoExecutor.execute(MojoExecutor.java:156)
	at org.apache.maven.lifecycle.internal.MojoExecutor.execute(MojoExecutor.java:148)
	at org.apache.maven.lifecycle.internal.LifecycleModuleBuilder.buildProject(LifecycleModuleBuilder.java:117)
	at org.apache.maven.lifecycle.internal.LifecycleModuleBuilder.buildProject(LifecycleModuleBuilder.java:81)
	at org.apache.maven.lifecycle.internal.builder.singlethreaded.SingleThreadedBuilder.build(SingleThreadedBuilder.java:56)
	at org.apache.maven.lifecycle.internal.LifecycleStarter.execute(LifecycleStarter.java:128)
	at org.apache.maven.DefaultMaven.doExecute(DefaultMaven.java:305)
	at org.apache.maven.DefaultMaven.doExecute(DefaultMaven.java:192)
	at org.apache.maven.DefaultMaven.execute(DefaultMaven.java:105)
	at org.apache.maven.cli.MavenCli.execute(MavenCli.java:956)
	at org.apache.maven.cli.MavenCli.doMain(MavenCli.java:288)
	at org.apache.maven.cli.MavenCli.main(MavenCli.java:192)
	at java.base/jdk.internal.reflect.NativeMethodAccessorImpl.invoke0(Native Method)
	at java.base/jdk.internal.reflect.NativeMethodAccessorImpl.invoke(NativeMethodAccessorImpl.java:62)
	at java.base/jdk.internal.reflect.DelegatingMethodAccessorImpl.invoke(DelegatingMethodAccessorImpl.java:43)
	at java.base/java.lang.reflect.Method.invoke(Method.java:566)
	at org.codehaus.plexus.classworlds.launcher.Launcher.launchEnhanced(Launcher.java:289)
	at org.codehaus.plexus.classworlds.launcher.Launcher.launch(Launcher.java:229)
	at org.codehaus.plexus.classworlds.launcher.Launcher.mainWithExitCode(Launcher.java:415)
	at org.codehaus.plexus.classworlds.launcher.Launcher.main(Launcher.java:356)

Something bad happened during selection to keep amplified tests (post-amplification).
java.lang.NullPointerException
	at fr.davidson.dspot.energy.selector.LessConsumingEnergySelector.lambda$selectToKeep$2(LessConsumingEnergySelector.java:174)
	at java.base/java.util.ArrayList.forEach(ArrayList.java:1541)
	at fr.davidson.dspot.energy.selector.LessConsumingEnergySelector.selectToKeep(LessConsumingEnergySelector.java:170)
	at eu.stamp_project.dspot.DSpot.selectFullAmplification(DSpot.java:227)
	at eu.stamp_project.dspot.DSpot.fullAmplification(DSpot.java:173)
	at eu.stamp_project.dspot.DSpot.fullyAmplifyAllMethods(DSpot.java:126)
	at eu.stamp_project.dspot.DSpot.amplification(DSpot.java:73)
	at eu.stamp_project.dspot.DSpot.run(DSpot.java:57)
	at fr.davidson.dspot.energy.mojo.DSpotEnergyMojo.execute(DSpotEnergyMojo.java:70)
	at org.apache.maven.plugin.DefaultBuildPluginManager.executeMojo(DefaultBuildPluginManager.java:137)
	at org.apache.maven.lifecycle.internal.MojoExecutor.execute(MojoExecutor.java:210)
	at org.apache.maven.lifecycle.internal.MojoExecutor.execute(MojoExecutor.java:156)
	at org.apache.maven.lifecycle.internal.MojoExecutor.execute(MojoExecutor.java:148)
	at org.apache.maven.lifecycle.internal.LifecycleModuleBuilder.buildProject(LifecycleModuleBuilder.java:117)
	at org.apache.maven.lifecycle.internal.LifecycleModuleBuilder.buildProject(LifecycleModuleBuilder.java:81)
	at org.apache.maven.lifecycle.internal.builder.singlethreaded.SingleThreadedBuilder.build(SingleThreadedBuilder.java:56)
	at org.apache.maven.lifecycle.internal.LifecycleStarter.execute(LifecycleStarter.java:128)
	at org.apache.maven.DefaultMaven.doExecute(DefaultMaven.java:305)
	at org.apache.maven.DefaultMaven.doExecute(DefaultMaven.java:192)
	at org.apache.maven.DefaultMaven.execute(DefaultMaven.java:105)
	at org.apache.maven.cli.MavenCli.execute(MavenCli.java:956)
	at org.apache.maven.cli.MavenCli.doMain(MavenCli.java:288)
	at org.apache.maven.cli.MavenCli.main(MavenCli.java:192)
	at java.base/jdk.internal.reflect.NativeMethodAccessorImpl.invoke0(Native Method)
	at java.base/jdk.internal.reflect.NativeMethodAccessorImpl.invoke(NativeMethodAccessorImpl.java:62)
	at java.base/jdk.internal.reflect.DelegatingMethodAccessorImpl.invoke(DelegatingMethodAccessorImpl.java:43)
	at java.base/java.lang.reflect.Method.invoke(Method.java:566)
	at org.codehaus.plexus.classworlds.launcher.Launcher.launchEnhanced(Launcher.java:289)
	at org.codehaus.plexus.classworlds.launcher.Launcher.launch(Launcher.java:229)
	at org.codehaus.plexus.classworlds.launcher.Launcher.mainWithExitCode(Launcher.java:415)
	at org.codehaus.plexus.classworlds.launcher.Launcher.main(Launcher.java:356)

Something bad happened during assertion amplification
java.lang.RuntimeException: Forked process did not finished correctly
	at eu.stamp_project.testrunner.EntryPoint.runGivenCommandLine(EntryPoint.java:495)
	at eu.stamp_project.testrunner.EntryPoint.runTests(EntryPoint.java:235)
	at eu.stamp_project.testrunner.EntryPoint.runTests(EntryPoint.java:230)
	at eu.stamp_project.testrunner.EntryPoint.runTests(EntryPoint.java:195)
	at eu.stamp_project.dspot.common.execution.TestRunner.run(TestRunner.java:108)
	at eu.stamp_project.dspot.common.execution.TestRunner.runGivenTestMethods(TestRunner.java:79)
	at eu.stamp_project.dspot.common.compilation.TestCompiler.compileAndRun(TestCompiler.java:159)
	at eu.stamp_project.dspot.assertiongenerator.AssertionGenerator.assertPassingAndFailingTests(AssertionGenerator.java:123)
	at eu.stamp_project.dspot.assertiongenerator.AssertionGenerator.assertionAmplification(AssertionGenerator.java:78)
	at eu.stamp_project.dspot.DSpot.assertionAmplification(DSpot.java:186)
	at eu.stamp_project.dspot.DSpot.fullAmplification(DSpot.java:169)
	at eu.stamp_project.dspot.DSpot.fullyAmplifyAllMethods(DSpot.java:126)
	at eu.stamp_project.dspot.DSpot.amplification(DSpot.java:73)
	at eu.stamp_project.dspot.DSpot.run(DSpot.java:57)
	at fr.davidson.dspot.energy.mojo.DSpotEnergyMojo.execute(DSpotEnergyMojo.java:70)
	at org.apache.maven.plugin.DefaultBuildPluginManager.executeMojo(DefaultBuildPluginManager.java:137)
	at org.apache.maven.lifecycle.internal.MojoExecutor.execute(MojoExecutor.java:210)
	at org.apache.maven.lifecycle.internal.MojoExecutor.execute(MojoExecutor.java:156)
	at org.apache.maven.lifecycle.internal.MojoExecutor.execute(MojoExecutor.java:148)
	at org.apache.maven.lifecycle.internal.LifecycleModuleBuilder.buildProject(LifecycleModuleBuilder.java:117)
	at org.apache.maven.lifecycle.internal.LifecycleModuleBuilder.buildProject(LifecycleModuleBuilder.java:81)
	at org.apache.maven.lifecycle.internal.builder.singlethreaded.SingleThreadedBuilder.build(SingleThreadedBuilder.java:56)
	at org.apache.maven.lifecycle.internal.LifecycleStarter.execute(LifecycleStarter.java:128)
	at org.apache.maven.DefaultMaven.doExecute(DefaultMaven.java:305)
	at org.apache.maven.DefaultMaven.doExecute(DefaultMaven.java:192)
	at org.apache.maven.DefaultMaven.execute(DefaultMaven.java:105)
	at org.apache.maven.cli.MavenCli.execute(MavenCli.java:956)
	at org.apache.maven.cli.MavenCli.doMain(MavenCli.java:288)
	at org.apache.maven.cli.MavenCli.main(MavenCli.java:192)
	at java.base/jdk.internal.reflect.NativeMethodAccessorImpl.invoke0(Native Method)
	at java.base/jdk.internal.reflect.NativeMethodAccessorImpl.invoke(NativeMethodAccessorImpl.java:62)
	at java.base/jdk.internal.reflect.DelegatingMethodAccessorImpl.invoke(DelegatingMethodAccessorImpl.java:43)
	at java.base/java.lang.reflect.Method.invoke(Method.java:566)
	at org.codehaus.plexus.classworlds.launcher.Launcher.launchEnhanced(Launcher.java:289)
	at org.codehaus.plexus.classworlds.launcher.Launcher.launch(Launcher.java:229)
	at org.codehaus.plexus.classworlds.launcher.Launcher.mainWithExitCode(Launcher.java:415)
	at org.codehaus.plexus.classworlds.launcher.Launcher.main(Launcher.java:356)

Something bad happened during selection to keep amplified tests (post-amplification).
java.lang.IndexOutOfBoundsException: Index: 0
	at java.base/java.util.Collections$EmptyList.get(Collections.java:4483)
	at fr.davidson.dspot.energy.selector.LessConsumingEnergySelector.runMultipleTimeTestsForEnergy(LessConsumingEnergySelector.java:105)
	at fr.davidson.dspot.energy.selector.LessConsumingEnergySelector.selectToKeep(LessConsumingEnergySelector.java:169)
	at eu.stamp_project.dspot.DSpot.selectFullAmplification(DSpot.java:227)
	at eu.stamp_project.dspot.DSpot.fullAmplification(DSpot.java:173)
	at eu.stamp_project.dspot.DSpot.fullyAmplifyAllMethods(DSpot.java:126)
	at eu.stamp_project.dspot.DSpot.amplification(DSpot.java:73)
	at eu.stamp_project.dspot.DSpot.run(DSpot.java:57)
	at fr.davidson.dspot.energy.mojo.DSpotEnergyMojo.execute(DSpotEnergyMojo.java:70)
	at org.apache.maven.plugin.DefaultBuildPluginManager.executeMojo(DefaultBuildPluginManager.java:137)
	at org.apache.maven.lifecycle.internal.MojoExecutor.execute(MojoExecutor.java:210)
	at org.apache.maven.lifecycle.internal.MojoExecutor.execute(MojoExecutor.java:156)
	at org.apache.maven.lifecycle.internal.MojoExecutor.execute(MojoExecutor.java:148)
	at org.apache.maven.lifecycle.internal.LifecycleModuleBuilder.buildProject(LifecycleModuleBuilder.java:117)
	at org.apache.maven.lifecycle.internal.LifecycleModuleBuilder.buildProject(LifecycleModuleBuilder.java:81)
	at org.apache.maven.lifecycle.internal.builder.singlethreaded.SingleThreadedBuilder.build(SingleThreadedBuilder.java:56)
	at org.apache.maven.lifecycle.internal.LifecycleStarter.execute(LifecycleStarter.java:128)
	at org.apache.maven.DefaultMaven.doExecute(DefaultMaven.java:305)
	at org.apache.maven.DefaultMaven.doExecute(DefaultMaven.java:192)
	at org.apache.maven.DefaultMaven.execute(DefaultMaven.java:105)
	at org.apache.maven.cli.MavenCli.execute(MavenCli.java:956)
	at org.apache.maven.cli.MavenCli.doMain(MavenCli.java:288)
	at org.apache.maven.cli.MavenCli.main(MavenCli.java:192)
	at java.base/jdk.internal.reflect.NativeMethodAccessorImpl.invoke0(Native Method)
	at java.base/jdk.internal.reflect.NativeMethodAccessorImpl.invoke(NativeMethodAccessorImpl.java:62)
	at java.base/jdk.internal.reflect.DelegatingMethodAccessorImpl.invoke(DelegatingMethodAccessorImpl.java:43)
	at java.base/java.lang.reflect.Method.invoke(Method.java:566)
	at org.codehaus.plexus.classworlds.launcher.Launcher.launchEnhanced(Launcher.java:289)
	at org.codehaus.plexus.classworlds.launcher.Launcher.launch(Launcher.java:229)
	at org.codehaus.plexus.classworlds.launcher.Launcher.mainWithExitCode(Launcher.java:415)
	at org.codehaus.plexus.classworlds.launcher.Launcher.main(Launcher.java:356)

Something bad happened during selection to keep amplified tests (post-amplification).
java.lang.NullPointerException
	at fr.davidson.dspot.energy.selector.LessConsumingEnergySelector.lambda$selectToKeep$2(LessConsumingEnergySelector.java:174)
	at java.base/java.util.ArrayList.forEach(ArrayList.java:1541)
	at fr.davidson.dspot.energy.selector.LessConsumingEnergySelector.selectToKeep(LessConsumingEnergySelector.java:170)
	at eu.stamp_project.dspot.DSpot.selectFullAmplification(DSpot.java:227)
	at eu.stamp_project.dspot.DSpot.fullAmplification(DSpot.java:173)
	at eu.stamp_project.dspot.DSpot.fullyAmplifyAllMethods(DSpot.java:126)
	at eu.stamp_project.dspot.DSpot.amplification(DSpot.java:73)
	at eu.stamp_project.dspot.DSpot.run(DSpot.java:57)
	at fr.davidson.dspot.energy.mojo.DSpotEnergyMojo.execute(DSpotEnergyMojo.java:70)
	at org.apache.maven.plugin.DefaultBuildPluginManager.executeMojo(DefaultBuildPluginManager.java:137)
	at org.apache.maven.lifecycle.internal.MojoExecutor.execute(MojoExecutor.java:210)
	at org.apache.maven.lifecycle.internal.MojoExecutor.execute(MojoExecutor.java:156)
	at org.apache.maven.lifecycle.internal.MojoExecutor.execute(MojoExecutor.java:148)
	at org.apache.maven.lifecycle.internal.LifecycleModuleBuilder.buildProject(LifecycleModuleBuilder.java:117)
	at org.apache.maven.lifecycle.internal.LifecycleModuleBuilder.buildProject(LifecycleModuleBuilder.java:81)
	at org.apache.maven.lifecycle.internal.builder.singlethreaded.SingleThreadedBuilder.build(SingleThreadedBuilder.java:56)
	at org.apache.maven.lifecycle.internal.LifecycleStarter.execute(LifecycleStarter.java:128)
	at org.apache.maven.DefaultMaven.doExecute(DefaultMaven.java:305)
	at org.apache.maven.DefaultMaven.doExecute(DefaultMaven.java:192)
	at org.apache.maven.DefaultMaven.execute(DefaultMaven.java:105)
	at org.apache.maven.cli.MavenCli.execute(MavenCli.java:956)
	at org.apache.maven.cli.MavenCli.doMain(MavenCli.java:288)
	at org.apache.maven.cli.MavenCli.main(MavenCli.java:192)
	at java.base/jdk.internal.reflect.NativeMethodAccessorImpl.invoke0(Native Method)
	at java.base/jdk.internal.reflect.NativeMethodAccessorImpl.invoke(NativeMethodAccessorImpl.java:62)
	at java.base/jdk.internal.reflect.DelegatingMethodAccessorImpl.invoke(DelegatingMethodAccessorImpl.java:43)
	at java.base/java.lang.reflect.Method.invoke(Method.java:566)
	at org.codehaus.plexus.classworlds.launcher.Launcher.launchEnhanced(Launcher.java:289)
	at org.codehaus.plexus.classworlds.launcher.Launcher.launch(Launcher.java:229)
	at org.codehaus.plexus.classworlds.launcher.Launcher.mainWithExitCode(Launcher.java:415)
	at org.codehaus.plexus.classworlds.launcher.Launcher.main(Launcher.java:356)

Something bad happened during selection to keep amplified tests (post-amplification).
java.lang.NullPointerException
	at fr.davidson.dspot.energy.selector.LessConsumingEnergySelector.lambda$selectToKeep$2(LessConsumingEnergySelector.java:174)
	at java.base/java.util.ArrayList.forEach(ArrayList.java:1541)
	at fr.davidson.dspot.energy.selector.LessConsumingEnergySelector.selectToKeep(LessConsumingEnergySelector.java:170)
	at eu.stamp_project.dspot.DSpot.selectFullAmplification(DSpot.java:227)
	at eu.stamp_project.dspot.DSpot.fullAmplification(DSpot.java:173)
	at eu.stamp_project.dspot.DSpot.fullyAmplifyAllMethods(DSpot.java:126)
	at eu.stamp_project.dspot.DSpot.amplification(DSpot.java:73)
	at eu.stamp_project.dspot.DSpot.run(DSpot.java:57)
	at fr.davidson.dspot.energy.mojo.DSpotEnergyMojo.execute(DSpotEnergyMojo.java:70)
	at org.apache.maven.plugin.DefaultBuildPluginManager.executeMojo(DefaultBuildPluginManager.java:137)
	at org.apache.maven.lifecycle.internal.MojoExecutor.execute(MojoExecutor.java:210)
	at org.apache.maven.lifecycle.internal.MojoExecutor.execute(MojoExecutor.java:156)
	at org.apache.maven.lifecycle.internal.MojoExecutor.execute(MojoExecutor.java:148)
	at org.apache.maven.lifecycle.internal.LifecycleModuleBuilder.buildProject(LifecycleModuleBuilder.java:117)
	at org.apache.maven.lifecycle.internal.LifecycleModuleBuilder.buildProject(LifecycleModuleBuilder.java:81)
	at org.apache.maven.lifecycle.internal.builder.singlethreaded.SingleThreadedBuilder.build(SingleThreadedBuilder.java:56)
	at org.apache.maven.lifecycle.internal.LifecycleStarter.execute(LifecycleStarter.java:128)
	at org.apache.maven.DefaultMaven.doExecute(DefaultMaven.java:305)
	at org.apache.maven.DefaultMaven.doExecute(DefaultMaven.java:192)
	at org.apache.maven.DefaultMaven.execute(DefaultMaven.java:105)
	at org.apache.maven.cli.MavenCli.execute(MavenCli.java:956)
	at org.apache.maven.cli.MavenCli.doMain(MavenCli.java:288)
	at org.apache.maven.cli.MavenCli.main(MavenCli.java:192)
	at java.base/jdk.internal.reflect.NativeMethodAccessorImpl.invoke0(Native Method)
	at java.base/jdk.internal.reflect.NativeMethodAccessorImpl.invoke(NativeMethodAccessorImpl.java:62)
	at java.base/jdk.internal.reflect.DelegatingMethodAccessorImpl.invoke(DelegatingMethodAccessorImpl.java:43)
	at java.base/java.lang.reflect.Method.invoke(Method.java:566)
	at org.codehaus.plexus.classworlds.launcher.Launcher.launchEnhanced(Launcher.java:289)
	at org.codehaus.plexus.classworlds.launcher.Launcher.launch(Launcher.java:229)
	at org.codehaus.plexus.classworlds.launcher.Launcher.mainWithExitCode(Launcher.java:415)
	at org.codehaus.plexus.classworlds.launcher.Launcher.main(Launcher.java:356)

Something bad happened during selection to keep amplified tests (post-amplification).
java.lang.NullPointerException
	at fr.davidson.dspot.energy.selector.LessConsumingEnergySelector.lambda$selectToKeep$2(LessConsumingEnergySelector.java:174)
	at java.base/java.util.ArrayList.forEach(ArrayList.java:1541)
	at fr.davidson.dspot.energy.selector.LessConsumingEnergySelector.selectToKeep(LessConsumingEnergySelector.java:170)
	at eu.stamp_project.dspot.DSpot.selectFullAmplification(DSpot.java:227)
	at eu.stamp_project.dspot.DSpot.fullAmplification(DSpot.java:173)
	at eu.stamp_project.dspot.DSpot.fullyAmplifyAllMethods(DSpot.java:126)
	at eu.stamp_project.dspot.DSpot.amplification(DSpot.java:73)
	at eu.stamp_project.dspot.DSpot.run(DSpot.java:57)
	at fr.davidson.dspot.energy.mojo.DSpotEnergyMojo.execute(DSpotEnergyMojo.java:70)
	at org.apache.maven.plugin.DefaultBuildPluginManager.executeMojo(DefaultBuildPluginManager.java:137)
	at org.apache.maven.lifecycle.internal.MojoExecutor.execute(MojoExecutor.java:210)
	at org.apache.maven.lifecycle.internal.MojoExecutor.execute(MojoExecutor.java:156)
	at org.apache.maven.lifecycle.internal.MojoExecutor.execute(MojoExecutor.java:148)
	at org.apache.maven.lifecycle.internal.LifecycleModuleBuilder.buildProject(LifecycleModuleBuilder.java:117)
	at org.apache.maven.lifecycle.internal.LifecycleModuleBuilder.buildProject(LifecycleModuleBuilder.java:81)
	at org.apache.maven.lifecycle.internal.builder.singlethreaded.SingleThreadedBuilder.build(SingleThreadedBuilder.java:56)
	at org.apache.maven.lifecycle.internal.LifecycleStarter.execute(LifecycleStarter.java:128)
	at org.apache.maven.DefaultMaven.doExecute(DefaultMaven.java:305)
	at org.apache.maven.DefaultMaven.doExecute(DefaultMaven.java:192)
	at org.apache.maven.DefaultMaven.execute(DefaultMaven.java:105)
	at org.apache.maven.cli.MavenCli.execute(MavenCli.java:956)
	at org.apache.maven.cli.MavenCli.doMain(MavenCli.java:288)
	at org.apache.maven.cli.MavenCli.main(MavenCli.java:192)
	at java.base/jdk.internal.reflect.NativeMethodAccessorImpl.invoke0(Native Method)
	at java.base/jdk.internal.reflect.NativeMethodAccessorImpl.invoke(NativeMethodAccessorImpl.java:62)
	at java.base/jdk.internal.reflect.DelegatingMethodAccessorImpl.invoke(DelegatingMethodAccessorImpl.java:43)
	at java.base/java.lang.reflect.Method.invoke(Method.java:566)
	at org.codehaus.plexus.classworlds.launcher.Launcher.launchEnhanced(Launcher.java:289)
	at org.codehaus.plexus.classworlds.launcher.Launcher.launch(Launcher.java:229)
	at org.codehaus.plexus.classworlds.launcher.Launcher.mainWithExitCode(Launcher.java:415)
	at org.codehaus.plexus.classworlds.launcher.Launcher.main(Launcher.java:356)
